-------------------------------------------------------------------------------
Test set: models.EndangeredAnimalTest
-------------------------------------------------------------------------------
Tests run: 7, Failures: 2, Errors: 0, Skipped: 0, Time elapsed: 0.349 sec <<< FAILURE! - in models.EndangeredAnimalTest
all_returnsAllInstancesOfEndangeredAnimal_true(models.EndangeredAnimalTest)  Time elapsed: 0.207 sec  <<< FAILURE!
java.lang.AssertionError: expected:<true> but was:<false>
	at models.EndangeredAnimalTest.all_returnsAllInstancesOfEndangeredAnimal_true(EndangeredAnimalTest.java:33)

save_assignsIdAndSavesObjectToDatabase(models.EndangeredAnimalTest)  Time elapsed: 0.02 sec  <<< FAILURE!
java.lang.AssertionError: expected:<27> but was:<1>
	at models.EndangeredAnimalTest.save_assignsIdAndSavesObjectToDatabase(EndangeredAnimalTest.java:24)

