<?xml version="1.0" encoding="UTF-8"?>
<testsuite xmlns:xsi="http://www.w3.org/2001/XMLSchema-instance" xsi:schemaLocation="https://maven.apache.org/surefire/maven-surefire-plugin/xsd/surefire-test-report.xsd" name="models.SightingTest" time="0.151" tests="5" errors="0" skipped="0" failures="2">
  <properties>
[...]
</properties>
  <testcase name="equals_returnsTrueIfLocationAndDescriptionAreSame_true" classname="models.SightingTest" time="0.009"/>
  <testcase name="sighting_instantiatesCorrectly_true" classname="models.SightingTest" time="0.012"/>
  <testcase name="save_insertsObjectIntoDatabase_Sighting" classname="models.SightingTest" time="0.026">
    <failure message="expected:&lt;true&gt; but was:&lt;false&gt;" type="java.lang.AssertionError"><![CDATA[java.lang.AssertionError: expected:<true> but was:<false>
	at models.SightingTest.save_insertsObjectIntoDatabase_Sighting(SightingTest.java:32)
]]></failure>
  </testcase>
  <testcase name="all_returnsAllInstancesOfSighting_true" classname="models.SightingTest" time="0.052">
    <failure message="expected:&lt;true&gt; but was:&lt;false&gt;" type="java.lang.AssertionError"><![CDATA[java.lang.AssertionError: expected:<true> but was:<false>
	at models.SightingTest.all_returnsAllInstancesOfSighting_true(SightingTest.java:45)
]]></failure>
  </testcase>
  <testcase name="find_returnsSightingWithSameId_secondSighting" classname="models.SightingTest" time="0.051"/>
</testsuite>