<?xml version="1.0" encoding="UTF-8"?>
<testsuite xmlns:xsi="http://www.w3.org/2001/XMLSchema-instance" xsi:schemaLocation="https://maven.apache.org/surefire/maven-surefire-plugin/xsd/surefire-test-report.xsd" name="models.AnimalTest" time="0.091" tests="7" errors="0" skipped="0" failures="3">
  <properties>
[...]
</properties>
  <testcase name="animal_instantiatesCorrectly_false" classname="models.AnimalTest" time="0"/>
  <testcase name="save_assignsIdToObjectAndSavesObjectToDatabase" classname="models.AnimalTest" time="0">
    <failure message="expected:&lt;16&gt; but was:&lt;1&gt;" type="java.lang.AssertionError"><![CDATA[java.lang.AssertionError: expected:<16> but was:<1>
	at models.AnimalTest.save_assignsIdToObjectAndSavesObjectToDatabase(AnimalTest.java:33)
]]></failure>
  </testcase>
  <testcase name="equals_returnsTrueIfNameIsTheSame_false" classname="models.AnimalTest" time="0"/>
  <testcase name="delete_deletesAnimalFromDatabase_0" classname="models.AnimalTest" time="0.034">
    <failure message="expected:&lt;0&gt; but was:&lt;15&gt;" type="java.lang.AssertionError"><![CDATA[java.lang.AssertionError: expected:<0> but was:<15>
	at models.AnimalTest.delete_deletesAnimalFromDatabase_0(AnimalTest.java:60)
]]></failure>
  </testcase>
  <testcase name="all_returnsAllInstancesOfAnimal_false" classname="models.AnimalTest" time="0.027">
    <failure message="expected:&lt;true&gt; but was:&lt;false&gt;" type="java.lang.AssertionError"><![CDATA[java.lang.AssertionError: expected:<true> but was:<false>
	at models.AnimalTest.all_returnsAllInstancesOfAnimal_false(AnimalTest.java:42)
]]></failure>
  </testcase>
  <testcase name="getName_animalInstantiatesWithName_Hyena" classname="models.AnimalTest" time="0.001"/>
  <testcase name="find_returnsAnimalWithSameId_secondAnimal" classname="models.AnimalTest" time="0.029"/>
</testsuite>